{
  "RSpec": {
    "coverage": {
      "/Users/simonglancy/devFolder/makers_bnb/app/app.rb": [
        1,
        null,
        1,
        1,
        1,
        1,
        null,
        1,
        1,
        1,
        1,
        1,
        null,
        1,
        1,
        1,
        1,
        1
      ],
      "/Users/simonglancy/devFolder/makers_bnb/app/helpers.rb": [
        1,
        null,
        1,
        1,
        1,
        null,
        1,
        323,
        null,
        null,
        1,
        16,
        null,
        null,
        null,
        null,
        16,
        16,
        464,
        null,
        null,
        null,
        1,
        63,
        63,
        null,
        null,
        1,
        16,
        16,
        16,
        467,
        580,
        null,
        null,
        null,
        36,
        16,
        null,
        null,
        1,
        79,
        32,
        32,
        32,
        32,
        32,
        32,
        32,
        null,
        null
      ],
      "/Users/simonglancy/devFolder/makers_bnb/app/models/data_mapper_setup.rb": [
        1,
        null,
        1,
        1,
        1,
        null,
        1,
        1,
        1,
        1,
        null,
        1,
        null,
        1,
        1,
        null,
        1
      ],
      "/Users/simonglancy/devFolder/makers_bnb/app/models/space.rb": [
        1,
        1,
        null,
        1,
        1,
        1,
        1,
        null,
        1,
        1,
        null
      ],
      "/Users/simonglancy/devFolder/makers_bnb/app/models/user.rb": [
        1,
        null,
        1,
        1,
        1,
        1,
        null,
        1,
        1,
        1,
        null,
        1,
        1,
        null,
        1,
        1,
        null,
        1,
        27,
        27,
        null,
        null,
        1,
        5,
        5,
        null,
        null
      ],
      "/Users/simonglancy/devFolder/makers_bnb/app/models/available_date.rb": [
        1,
        1,
        null,
        1,
        1,
        null,
        1,
        1,
        null
      ],
      "/Users/simonglancy/devFolder/makers_bnb/app/models/request.rb": [
        1,
        1,
        null,
        1,
        1,
        null,
        1,
        1,
        null
      ],
      "/Users/simonglancy/devFolder/makers_bnb/app/server.rb": [
        1,
        1,
        1,
        1,
        1,
        1,
        1,
        null,
        1,
        null,
        1,
        1,
        null,
        1,
        33,
        null,
        null
      ],
      "/Users/simonglancy/devFolder/makers_bnb/app/controllers/spaces.rb": [
        1,
        1,
        63,
        63,
        null,
        null,
        1,
        18,
        16,
        null,
        null,
        1,
        16,
        16,
        16,
        null,
        null,
        1,
        7,
        7,
        7,
        210,
        7,
        null,
        7,
        null,
        null
      ],
      "/Users/simonglancy/devFolder/makers_bnb/app/controllers/users.rb": [
        1,
        1,
        26,
        null,
        null,
        26,
        23,
        23,
        null,
        3,
        3,
        null,
        null,
        null
      ],
      "/Users/simonglancy/devFolder/makers_bnb/app/controllers/sessions.rb": [
        1,
        1,
        5,
        null,
        null,
        1,
        5,
        5,
        3,
        3,
        null,
        2,
        2,
        null,
        null,
        null,
        1,
        5,
        5,
        null,
        null
      ],
      "/Users/simonglancy/devFolder/makers_bnb/app/controllers/requests.rb": [
        1,
        null,
        null,
        null,
        null,
        null,
        null,
        null,
        null,
        null,
        null,
        null,
        null,
        null,
        null,
        null,
        null,
        1,
        null,
        7,
        14,
        null,
        14,
        null,
        null,
        7,
        null,
        null,
        1,
        null,
        10,
        null,
        null,
        9,
        9,
        null,
        9,
        20,
        9,
        9,
        null,
        null,
        null,
        1,
        null,
        1,
        1,
        1,
        1,
        null,
        null,
        null,
        1,
        18,
        18,
        16,
        16,
        16,
        16,
        16,
        16,
        null,
        18,
        null,
        null,
        null,
        null
      ],
      "/Users/simonglancy/devFolder/makers_bnb/spec/helpers/test_helpers.rb": [
        1,
        null,
        1,
        1,
        1,
        null,
        1,
        1,
        1,
        1,
        1,
        null,
        1,
        1,
        1,
        1,
        1,
        null,
        1,
        1,
        1,
        1,
        1,
        null,
        null,
        1,
        1,
        1,
        1,
        1,
        null,
        1,
        null,
        null,
        26,
        26,
        26,
        26,
        26,
        null,
        null,
        1,
        null,
        null,
        5,
        5,
        5,
        5,
        null,
        null,
        1,
        3,
        null,
        null,
        1,
        6,
        6,
        6,
        6,
        null,
        null,
        1,
        1,
        1,
        1,
        1,
        1,
        1,
        1,
        null,
        1,
        1,
        1,
        1,
        1,
        1,
        1,
        null,
        null,
        null,
        1,
        1,
        1,
        1,
        1,
        null,
        null,
        null,
        null,
        null,
        null,
        1,
        null,
        null,
        null,
        null,
        null,
        14,
        14,
        14,
        14,
        14,
        14,
        14,
        null,
        null,
        1,
        16,
        16,
        16,
        null,
        null
      ],
      "/Users/simonglancy/devFolder/makers_bnb/spec/features/acknowledging_requests_spec.rb": [
        1,
        1,
        1,
        1,
        1,
        1,
        1,
        1,
        1,
        1,
        1,
        null,
        null,
        null,
        1,
        1,
        1,
        1,
        1,
        null,
        null,
        null,
        null
      ],
      "/Users/simonglancy/devFolder/makers_bnb/spec/features/book_spaces_spec.rb": [
        1,
        1,
        4,
        4,
        null,
        null,
        1,
        1,
        1,
        null,
        null,
        1,
        1,
        null,
        1,
        null,
        null,
        1,
        1,
        1,
        null,
        null,
        1,
        1,
        1,
        null,
        null
      ],
      "/Users/simonglancy/devFolder/makers_bnb/spec/features/check_access_spec.rb": [
        1,
        1,
        1,
        1,
        1,
        1,
        null,
        null,
        null,
        1,
        1,
        1,
        1,
        1,
        1,
        null,
        null,
        null,
        1,
        1,
        1,
        1,
        1,
        null,
        null,
        null
      ],
      "/Users/simonglancy/devFolder/makers_bnb/spec/features/list_a_space_spec.rb": [
        1,
        2,
        2,
        null,
        1,
        null,
        null,
        null,
        1,
        1,
        1,
        null,
        null,
        1,
        1,
        1,
        null,
        null,
        1,
        1,
        1,
        1,
        1,
        1,
        1,
        null,
        null,
        null,
        1,
        1,
        1,
        1,
        1,
        1,
        1,
        null,
        null
      ],
      "/Users/simonglancy/devFolder/makers_bnb/spec/features/requesting_a_space_spec.rb": [
        1,
        1,
        5,
        5,
        5,
        null,
        null,
        1,
        1,
        1,
        1,
        1,
        null,
        2,
        null,
        null,
        1,
        1,
        null,
        1,
        1,
        null,
        null,
        1,
        1,
        null,
        1,
        1,
        null,
        null,
        1,
        1,
        1,
        1,
        1,
        1,
        null,
        null,
        1,
        null,
        1,
        1,
        1,
        1,
        1,
        1,
        1,
        1,
        1,
        null,
        null,
        null,
        null,
        null
      ],
      "/Users/simonglancy/devFolder/makers_bnb/spec/features/signing_in_spec.rb": [
        1,
        1,
        1,
        1,
        1,
        null,
        null,
        1,
        1,
        1,
        1,
        null,
        null,
        1,
        1,
        1,
        1,
        null,
        null
      ],
      "/Users/simonglancy/devFolder/makers_bnb/spec/features/signing_out_spec.rb": [
        1,
        1,
        1,
        1,
        1,
        null,
        null,
        1,
        1,
        1,
        null,
        null
      ],
      "/Users/simonglancy/devFolder/makers_bnb/spec/features/signing_up_spec.rb": [
        null,
        null,
        1,
        1,
        1,
        1,
        null,
        null,
        1,
        2,
        null,
        null,
        1,
        2,
        1,
        null,
        null,
        1,
        2,
        1,
        null,
        null,
        1,
        3,
        1,
        null,
        null
      ],
      "/Users/simonglancy/devFolder/makers_bnb/spec/features/space_search_results_spec.rb": [
        1,
        1,
        1,
        1,
        null,
        null,
        1,
        1,
        1,
        null,
        null
      ],
      "/Users/simonglancy/devFolder/makers_bnb/spec/models/space_spec.rb": [

      ],
      "/Users/simonglancy/devFolder/makers_bnb/spec/models/user_spec.rb": [
        1,
        null,
        1,
        1,
        1,
        null,
        null,
        1,
        1,
        1,
        null,
        null,
        null,
        null
      ]
    },
    "timestamp": 1460025201
  }
}
